{"E:\\CodingLocal\\HotelAutomation\\telegram-bot-service\\src\\api.ts": {"path":"E:\\CodingLocal\\HotelAutomation\\telegram-bot-service\\src\\api.ts","statementMap":{"0":{"start":{"line":1,"column":0},"end":{"line":1,"column":26}},"1":{"start":{"line":2,"column":0},"end":{"line":2,"column":38}},"2":{"start":{"line":5,"column":18},"end":{"line":11,"column":2}},"3":{"start":{"line":14,"column":13},"end":{"line":46,"column":2}},"4":{"start":{"line":17,"column":4},"end":{"line":17,"column":35}},"5":{"start":{"line":21,"column":4},"end":{"line":21,"column":42}},"6":{"start":{"line":25,"column":4},"end":{"line":25,"column":43}},"7":{"start":{"line":30,"column":4},"end":{"line":30,"column":43}},"8":{"start":{"line":34,"column":4},"end":{"line":34,"column":50}},"9":{"start":{"line":38,"column":4},"end":{"line":40,"column":7}},"10":{"start":{"line":44,"column":4},"end":{"line":44,"column":35}},"11":{"start":{"line":48,"column":0},"end":{"line":48,"column":19}}},"fnMap":{"0":{"name":"(anonymous_1)","decl":{"start":{"line":16,"column":7},"end":{"line":16,"column":12}},"loc":{"start":{"line":16,"column":34},"end":{"line":18,"column":3}}},"1":{"name":"(anonymous_2)","decl":{"start":{"line":20,"column":8},"end":{"line":20,"column":13}},"loc":{"start":{"line":20,"column":51},"end":{"line":22,"column":3}}},"2":{"name":"(anonymous_3)","decl":{"start":{"line":24,"column":9},"end":{"line":24,"column":14}},"loc":{"start":{"line":24,"column":47},"end":{"line":26,"column":3}}},"3":{"name":"(anonymous_4)","decl":{"start":{"line":29,"column":14},"end":{"line":29,"column":19}},"loc":{"start":{"line":29,"column":35},"end":{"line":31,"column":3}}},"4":{"name":"(anonymous_5)","decl":{"start":{"line":33,"column":18},"end":{"line":33,"column":23}},"loc":{"start":{"line":33,"column":59},"end":{"line":35,"column":3}}},"5":{"name":"(anonymous_6)","decl":{"start":{"line":37,"column":21},"end":{"line":37,"column":26}},"loc":{"start":{"line":37,"column":81},"end":{"line":41,"column":3}}},"6":{"name":"(anonymous_7)","decl":{"start":{"line":43,"column":12},"end":{"line":43,"column":17}},"loc":{"start":{"line":43,"column":23},"end":{"line":45,"column":3}}}},"branchMap":{"0":{"loc":{"start":{"line":20,"column":33},"end":{"line":20,"column":47}},"type":"default-arg","locations":[{"start":{"line":20,"column":45},"end":{"line":20,"column":47}}]}},"s":{"0":3,"1":3,"2":3,"3":3,"4":0,"5":0,"6":0,"7":0,"8":0,"9":0,"10":0,"11":3},"f":{"0":0,"1":0,"2":0,"3":0,"4":0,"5":0,"6":0},"b":{"0":[0]}}
,"E:\\CodingLocal\\HotelAutomation\\telegram-bot-service\\src\\config.ts": {"path":"E:\\CodingLocal\\HotelAutomation\\telegram-bot-service\\src\\config.ts","statementMap":{"0":{"start":{"line":1,"column":0},"end":{"line":1,"column":28}},"1":{"start":{"line":4,"column":0},"end":{"line":4,"column":16}},"2":{"start":{"line":7,"column":18},"end":{"line":7,"column":49}},"3":{"start":{"line":10,"column":13},"end":{"line":10,"column":81}},"4":{"start":{"line":11,"column":13},"end":{"line":11,"column":81}},"5":{"start":{"line":14,"column":0},"end":{"line":16,"column":1}},"6":{"start":{"line":15,"column":2},"end":{"line":15,"column":63}},"7":{"start":{"line":19,"column":13},"end":{"line":22,"column":2}},"8":{"start":{"line":24,"column":0},"end":{"line":24,"column":22}}},"fnMap":{},"branchMap":{"0":{"loc":{"start":{"line":10,"column":24},"end":{"line":10,"column":80}},"type":"binary-expr","locations":[{"start":{"line":10,"column":24},"end":{"line":10,"column":45}},{"start":{"line":10,"column":50},"end":{"line":10,"column":79}}]},"1":{"loc":{"start":{"line":10,"column":50},"end":{"line":10,"column":79}},"type":"cond-expr","locations":[{"start":{"line":10,"column":62},"end":{"line":10,"column":74}},{"start":{"line":10,"column":77},"end":{"line":10,"column":79}}]},"2":{"loc":{"start":{"line":11,"column":26},"end":{"line":11,"column":80}},"type":"binary-expr","locations":[{"start":{"line":11,"column":26},"end":{"line":11,"column":49}},{"start":{"line":11,"column":53},"end":{"line":11,"column":80}}]},"3":{"loc":{"start":{"line":14,"column":0},"end":{"line":16,"column":1}},"type":"if","locations":[{"start":{"line":14,"column":0},"end":{"line":16,"column":1}}]},"4":{"loc":{"start":{"line":14,"column":4},"end":{"line":14,"column":27}},"type":"binary-expr","locations":[{"start":{"line":14,"column":4},"end":{"line":14,"column":13}},{"start":{"line":14,"column":17},"end":{"line":14,"column":27}}]}},"s":{"0":3,"1":3,"2":3,"3":3,"4":3,"5":3,"6":0,"7":3,"8":3},"f":{},"b":{"0":[3,3],"1":[3,0],"2":[3,3],"3":[0],"4":[3,0]}}
,"E:\\CodingLocal\\HotelAutomation\\telegram-bot-service\\src\\formatter.ts": {"path":"E:\\CodingLocal\\HotelAutomation\\telegram-bot-service\\src\\formatter.ts","statementMap":{"0":{"start":{"line":4,"column":29},"end":{"line":18,"column":1}},"1":{"start":{"line":5,"column":2},"end":{"line":5,"column":50}},"2":{"start":{"line":5,"column":16},"end":{"line":5,"column":50}},"3":{"start":{"line":7,"column":2},"end":{"line":17,"column":11}},"4":{"start":{"line":4,"column":13},"end":{"line":4,"column":29}},"5":{"start":{"line":23,"column":36},"end":{"line":39,"column":1}},"6":{"start":{"line":24,"column":2},"end":{"line":26,"column":3}},"7":{"start":{"line":25,"column":4},"end":{"line":25,"column":96}},"8":{"start":{"line":28,"column":15},"end":{"line":28,"column":83}},"9":{"start":{"line":30,"column":2},"end":{"line":36,"column":5}},"10":{"start":{"line":31,"column":4},"end":{"line":31,"column":76}},"11":{"start":{"line":32,"column":4},"end":{"line":32,"column":56}},"12":{"start":{"line":33,"column":4},"end":{"line":33,"column":64}},"13":{"start":{"line":33,"column":33},"end":{"line":33,"column":64}},"14":{"start":{"line":34,"column":4},"end":{"line":34,"column":94}},"15":{"start":{"line":34,"column":37},"end":{"line":34,"column":94}},"16":{"start":{"line":35,"column":4},"end":{"line":35,"column":55}},"17":{"start":{"line":38,"column":2},"end":{"line":38,"column":16}},"18":{"start":{"line":23,"column":13},"end":{"line":23,"column":36}},"19":{"start":{"line":44,"column":32},"end":{"line":54,"column":1}},"20":{"start":{"line":45,"column":2},"end":{"line":45,"column":63}},"21":{"start":{"line":45,"column":15},"end":{"line":45,"column":63}},"22":{"start":{"line":47,"column":2},"end":{"line":53,"column":11}},"23":{"start":{"line":44,"column":13},"end":{"line":44,"column":32}},"24":{"start":{"line":57,"column":19},"end":{"line":61,"column":1}},"25":{"start":{"line":58,"column":2},"end":{"line":58,"column":39}},"26":{"start":{"line":58,"column":19},"end":{"line":58,"column":39}},"27":{"start":{"line":59,"column":15},"end":{"line":59,"column":35}},"28":{"start":{"line":60,"column":2},"end":{"line":60,"column":42}},"29":{"start":{"line":63,"column":23},"end":{"line":67,"column":1}},"30":{"start":{"line":64,"column":2},"end":{"line":64,"column":43}},"31":{"start":{"line":64,"column":23},"end":{"line":64,"column":43}},"32":{"start":{"line":65,"column":15},"end":{"line":65,"column":39}},"33":{"start":{"line":66,"column":2},"end":{"line":66,"column":38}},"34":{"start":{"line":69,"column":22},"end":{"line":79,"column":1}},"35":{"start":{"line":70,"column":44},"end":{"line":76,"column":4}},"36":{"start":{"line":78,"column":2},"end":{"line":78,"column":37}}},"fnMap":{"0":{"name":"(anonymous_0)","decl":{"start":{"line":4,"column":29},"end":{"line":4,"column":30}},"loc":{"start":{"line":4,"column":54},"end":{"line":18,"column":1}}},"1":{"name":"(anonymous_1)","decl":{"start":{"line":23,"column":36},"end":{"line":23,"column":37}},"loc":{"start":{"line":23,"column":105},"end":{"line":39,"column":1}}},"2":{"name":"(anonymous_2)","decl":{"start":{"line":30,"column":16},"end":{"line":30,"column":17}},"loc":{"start":{"line":30,"column":32},"end":{"line":36,"column":3}}},"3":{"name":"(anonymous_3)","decl":{"start":{"line":44,"column":32},"end":{"line":44,"column":33}},"loc":{"start":{"line":44,"column":56},"end":{"line":54,"column":1}}},"4":{"name":"(anonymous_4)","decl":{"start":{"line":57,"column":19},"end":{"line":57,"column":20}},"loc":{"start":{"line":57,"column":50},"end":{"line":61,"column":1}}},"5":{"name":"(anonymous_5)","decl":{"start":{"line":63,"column":23},"end":{"line":63,"column":24}},"loc":{"start":{"line":63,"column":58},"end":{"line":67,"column":1}}},"6":{"name":"(anonymous_6)","decl":{"start":{"line":69,"column":22},"end":{"line":69,"column":23}},"loc":{"start":{"line":69,"column":49},"end":{"line":79,"column":1}}}},"branchMap":{"0":{"loc":{"start":{"line":5,"column":2},"end":{"line":5,"column":50}},"type":"if","locations":[{"start":{"line":5,"column":2},"end":{"line":5,"column":50}}]},"1":{"loc":{"start":{"line":10,"column":13},"end":{"line":10,"column":49}},"type":"binary-expr","locations":[{"start":{"line":10,"column":13},"end":{"line":10,"column":34}},{"start":{"line":10,"column":38},"end":{"line":10,"column":49}}]},"2":{"loc":{"start":{"line":13,"column":11},"end":{"line":13,"column":48}},"type":"binary-expr","locations":[{"start":{"line":13,"column":11},"end":{"line":13,"column":31}},{"start":{"line":13,"column":35},"end":{"line":13,"column":48}}]},"3":{"loc":{"start":{"line":15,"column":11},"end":{"line":15,"column":28}},"type":"binary-expr","locations":[{"start":{"line":15,"column":11},"end":{"line":15,"column":23}},{"start":{"line":15,"column":27},"end":{"line":15,"column":28}}]},"4":{"loc":{"start":{"line":16,"column":2},"end":{"line":16,"column":52}},"type":"cond-expr","locations":[{"start":{"line":16,"column":18},"end":{"line":16,"column":47}},{"start":{"line":16,"column":50},"end":{"line":16,"column":52}}]},"5":{"loc":{"start":{"line":24,"column":2},"end":{"line":26,"column":3}},"type":"if","locations":[{"start":{"line":24,"column":2},"end":{"line":26,"column":3}}]},"6":{"loc":{"start":{"line":24,"column":6},"end":{"line":24,"column":34}},"type":"binary-expr","locations":[{"start":{"line":24,"column":6},"end":{"line":24,"column":12}},{"start":{"line":24,"column":16},"end":{"line":24,"column":34}}]},"7":{"loc":{"start":{"line":33,"column":4},"end":{"line":33,"column":64}},"type":"if","locations":[{"start":{"line":33,"column":4},"end":{"line":33,"column":64}}]},"8":{"loc":{"start":{"line":34,"column":4},"end":{"line":34,"column":94}},"type":"if","locations":[{"start":{"line":34,"column":4},"end":{"line":34,"column":94}}]},"9":{"loc":{"start":{"line":35,"column":25},"end":{"line":35,"column":48}},"type":"binary-expr","locations":[{"start":{"line":35,"column":25},"end":{"line":35,"column":34}},{"start":{"line":35,"column":38},"end":{"line":35,"column":48}}]},"10":{"loc":{"start":{"line":45,"column":2},"end":{"line":45,"column":63}},"type":"if","locations":[{"start":{"line":45,"column":2},"end":{"line":45,"column":63}}]},"11":{"loc":{"start":{"line":52,"column":2},"end":{"line":52,"column":58}},"type":"cond-expr","locations":[{"start":{"line":52,"column":19},"end":{"line":52,"column":53}},{"start":{"line":52,"column":56},"end":{"line":52,"column":58}}]},"12":{"loc":{"start":{"line":58,"column":2},"end":{"line":58,"column":39}},"type":"if","locations":[{"start":{"line":58,"column":2},"end":{"line":58,"column":39}}]},"13":{"loc":{"start":{"line":64,"column":2},"end":{"line":64,"column":43}},"type":"if","locations":[{"start":{"line":64,"column":2},"end":{"line":64,"column":43}}]},"14":{"loc":{"start":{"line":78,"column":9},"end":{"line":78,"column":36}},"type":"binary-expr","locations":[{"start":{"line":78,"column":9},"end":{"line":78,"column":26}},{"start":{"line":78,"column":30},"end":{"line":78,"column":36}}]}},"s":{"0":3,"1":1,"2":0,"3":1,"4":3,"5":3,"6":1,"7":0,"8":1,"9":1,"10":2,"11":2,"12":2,"13":1,"14":2,"15":2,"16":2,"17":1,"18":3,"19":3,"20":1,"21":0,"22":1,"23":3,"24":3,"25":2,"26":0,"27":2,"28":2,"29":3,"30":1,"31":0,"32":1,"33":1,"34":3,"35":1,"36":1},"f":{"0":1,"1":1,"2":2,"3":1,"4":2,"5":1,"6":1},"b":{"0":[0],"1":[1,0],"2":[1,0],"3":[1,0],"4":[1,0],"5":[0],"6":[1,1],"7":[1],"8":[2],"9":[2,0],"10":[0],"11":[1,0],"12":[0],"13":[0],"14":[1,0]}}
,"E:\\CodingLocal\\HotelAutomation\\telegram-bot-service\\src\\handlers\\availabilityHandlers.ts": {"path":"E:\\CodingLocal\\HotelAutomation\\telegram-bot-service\\src\\handlers\\availabilityHandlers.ts","statementMap":{"0":{"start":{"line":8,"column":0},"end":{"line":8,"column":16}},"1":{"start":{"line":2,"column":0},"end":{"line":2,"column":29}},"2":{"start":{"line":3,"column":0},"end":{"line":3,"column":52}},"3":{"start":{"line":10,"column":2},"end":{"line":48,"column":5}},"4":{"start":{"line":11,"column":4},"end":{"line":47,"column":5}},"5":{"start":{"line":12,"column":19},"end":{"line":12,"column":46}},"6":{"start":{"line":13,"column":6},"end":{"line":18,"column":7}},"7":{"start":{"line":14,"column":8},"end":{"line":17,"column":10}},"8":{"start":{"line":21,"column":19},"end":{"line":21,"column":26}},"9":{"start":{"line":22,"column":19},"end":{"line":22,"column":40}},"10":{"start":{"line":23,"column":21},"end":{"line":23,"column":42}},"11":{"start":{"line":26,"column":6},"end":{"line":28,"column":7}},"12":{"start":{"line":27,"column":8},"end":{"line":27,"column":84}},"13":{"start":{"line":30,"column":6},"end":{"line":32,"column":7}},"14":{"start":{"line":31,"column":8},"end":{"line":31,"column":86}},"15":{"start":{"line":35,"column":6},"end":{"line":37,"column":7}},"16":{"start":{"line":36,"column":8},"end":{"line":36,"column":94}},"17":{"start":{"line":40,"column":23},"end":{"line":40,"column":70}},"18":{"start":{"line":43,"column":6},"end":{"line":43,"column":91}},"19":{"start":{"line":45,"column":6},"end":{"line":45,"column":62}},"20":{"start":{"line":46,"column":6},"end":{"line":46,"column":105}},"21":{"start":{"line":51,"column":0},"end":{"line":51,"column":44}}},"fnMap":{"0":{"name":"registerAvailabilityHandlers","decl":{"start":{"line":8,"column":16},"end":{"line":8,"column":44}},"loc":{"start":{"line":8,"column":58},"end":{"line":49,"column":1}}},"1":{"name":"(anonymous_1)","decl":{"start":{"line":10,"column":27},"end":{"line":10,"column":32}},"loc":{"start":{"line":10,"column":41},"end":{"line":48,"column":3}}}},"branchMap":{"0":{"loc":{"start":{"line":13,"column":6},"end":{"line":18,"column":7}},"type":"if","locations":[{"start":{"line":13,"column":6},"end":{"line":18,"column":7}}]},"1":{"loc":{"start":{"line":26,"column":6},"end":{"line":28,"column":7}},"type":"if","locations":[{"start":{"line":26,"column":6},"end":{"line":28,"column":7}}]},"2":{"loc":{"start":{"line":26,"column":10},"end":{"line":26,"column":41}},"type":"binary-expr","locations":[{"start":{"line":26,"column":10},"end":{"line":26,"column":28}},{"start":{"line":26,"column":32},"end":{"line":26,"column":41}}]},"3":{"loc":{"start":{"line":30,"column":6},"end":{"line":32,"column":7}},"type":"if","locations":[{"start":{"line":30,"column":6},"end":{"line":32,"column":7}}]},"4":{"loc":{"start":{"line":30,"column":10},"end":{"line":30,"column":45}},"type":"binary-expr","locations":[{"start":{"line":30,"column":10},"end":{"line":30,"column":30}},{"start":{"line":30,"column":34},"end":{"line":30,"column":45}}]},"5":{"loc":{"start":{"line":35,"column":6},"end":{"line":37,"column":7}},"type":"if","locations":[{"start":{"line":35,"column":6},"end":{"line":37,"column":7}}]}},"s":{"0":1,"1":1,"2":1,"3":6,"4":6,"5":6,"6":6,"7":1,"8":5,"9":5,"10":5,"11":5,"12":1,"13":4,"14":1,"15":3,"16":1,"17":2,"18":1,"19":1,"20":1,"21":1},"f":{"0":6,"1":6},"b":{"0":[1],"1":[1],"2":[5,5],"3":[1],"4":[4,4],"5":[1]}}
,"E:\\CodingLocal\\HotelAutomation\\telegram-bot-service\\src\\handlers\\bookingHandlers.ts": {"path":"E:\\CodingLocal\\HotelAutomation\\telegram-bot-service\\src\\handlers\\bookingHandlers.ts","statementMap":{"0":{"start":{"line":8,"column":0},"end":{"line":8,"column":16}},"1":{"start":{"line":2,"column":0},"end":{"line":2,"column":29}},"2":{"start":{"line":3,"column":0},"end":{"line":3,"column":45}},"3":{"start":{"line":10,"column":2},"end":{"line":30,"column":5}},"4":{"start":{"line":11,"column":4},"end":{"line":29,"column":5}},"5":{"start":{"line":12,"column":19},"end":{"line":12,"column":46}},"6":{"start":{"line":13,"column":6},"end":{"line":15,"column":7}},"7":{"start":{"line":14,"column":8},"end":{"line":14,"column":92}},"8":{"start":{"line":17,"column":24},"end":{"line":17,"column":31}},"9":{"start":{"line":18,"column":23},"end":{"line":18,"column":54}},"10":{"start":{"line":20,"column":6},"end":{"line":20,"column":58}},"11":{"start":{"line":22,"column":6},"end":{"line":22,"column":54}},"12":{"start":{"line":24,"column":6},"end":{"line":26,"column":7}},"13":{"start":{"line":25,"column":8},"end":{"line":25,"column":92}},"14":{"start":{"line":28,"column":6},"end":{"line":28,"column":108}},"15":{"start":{"line":36,"column":0},"end":{"line":36,"column":39}}},"fnMap":{"0":{"name":"registerBookingHandlers","decl":{"start":{"line":8,"column":16},"end":{"line":8,"column":39}},"loc":{"start":{"line":8,"column":53},"end":{"line":34,"column":1}}},"1":{"name":"(anonymous_1)","decl":{"start":{"line":10,"column":25},"end":{"line":10,"column":30}},"loc":{"start":{"line":10,"column":39},"end":{"line":30,"column":3}}}},"branchMap":{"0":{"loc":{"start":{"line":13,"column":6},"end":{"line":15,"column":7}},"type":"if","locations":[{"start":{"line":13,"column":6},"end":{"line":15,"column":7}}]},"1":{"loc":{"start":{"line":24,"column":6},"end":{"line":26,"column":7}},"type":"if","locations":[{"start":{"line":24,"column":6},"end":{"line":26,"column":7}}]}},"s":{"0":1,"1":1,"2":1,"3":4,"4":4,"5":4,"6":4,"7":1,"8":3,"9":3,"10":1,"11":2,"12":2,"13":1,"14":1,"15":1},"f":{"0":4,"1":4},"b":{"0":[1],"1":[1]}}
,"E:\\CodingLocal\\HotelAutomation\\telegram-bot-service\\src\\handlers\\syncHandlers.ts": {"path":"E:\\CodingLocal\\HotelAutomation\\telegram-bot-service\\src\\handlers\\syncHandlers.ts","statementMap":{"0":{"start":{"line":8,"column":0},"end":{"line":8,"column":16}},"1":{"start":{"line":2,"column":0},"end":{"line":2,"column":29}},"2":{"start":{"line":3,"column":0},"end":{"line":3,"column":48}},"3":{"start":{"line":10,"column":2},"end":{"line":27,"column":5}},"4":{"start":{"line":11,"column":4},"end":{"line":26,"column":5}},"5":{"start":{"line":13,"column":6},"end":{"line":13,"column":51}},"6":{"start":{"line":16,"column":23},"end":{"line":16,"column":43}},"7":{"start":{"line":18,"column":6},"end":{"line":22,"column":7}},"8":{"start":{"line":19,"column":8},"end":{"line":19,"column":59}},"9":{"start":{"line":21,"column":8},"end":{"line":21,"column":47}},"10":{"start":{"line":24,"column":6},"end":{"line":24,"column":49}},"11":{"start":{"line":25,"column":6},"end":{"line":25,"column":91}},"12":{"start":{"line":30,"column":2},"end":{"line":39,"column":5}},"13":{"start":{"line":31,"column":4},"end":{"line":38,"column":5}},"14":{"start":{"line":33,"column":23},"end":{"line":33,"column":52}},"15":{"start":{"line":34,"column":6},"end":{"line":34,"column":67}},"16":{"start":{"line":36,"column":6},"end":{"line":36,"column":58}},"17":{"start":{"line":37,"column":6},"end":{"line":37,"column":97}},"18":{"start":{"line":42,"column":0},"end":{"line":42,"column":36}}},"fnMap":{"0":{"name":"registerSyncHandlers","decl":{"start":{"line":8,"column":16},"end":{"line":8,"column":36}},"loc":{"start":{"line":8,"column":50},"end":{"line":40,"column":1}}},"1":{"name":"(anonymous_1)","decl":{"start":{"line":10,"column":22},"end":{"line":10,"column":27}},"loc":{"start":{"line":10,"column":36},"end":{"line":27,"column":3}}},"2":{"name":"(anonymous_2)","decl":{"start":{"line":30,"column":28},"end":{"line":30,"column":33}},"loc":{"start":{"line":30,"column":42},"end":{"line":39,"column":3}}}},"branchMap":{"0":{"loc":{"start":{"line":18,"column":6},"end":{"line":22,"column":7}},"type":"if","locations":[{"start":{"line":18,"column":6},"end":{"line":22,"column":7}},{"start":{"line":20,"column":13},"end":{"line":22,"column":7}}]},"1":{"loc":{"start":{"line":18,"column":10},"end":{"line":18,"column":59}},"type":"binary-expr","locations":[{"start":{"line":18,"column":10},"end":{"line":18,"column":32}},{"start":{"line":18,"column":36},"end":{"line":18,"column":59}}]}},"s":{"0":1,"1":1,"2":1,"3":3,"4":2,"5":2,"6":2,"7":1,"8":1,"9":0,"10":1,"11":1,"12":3,"13":1,"14":1,"15":1,"16":0,"17":0,"18":1},"f":{"0":3,"1":2,"2":1},"b":{"0":[1,0],"1":[1,0]}}
}
