TN:
SF:src\api.ts
FN:16,(anonymous_1)
FN:20,(anonymous_2)
FN:24,(anonymous_3)
FN:29,(anonymous_4)
FN:33,(anonymous_5)
FN:37,(anonymous_6)
FN:43,(anonymous_7)
FNF:7
FNH:0
FNDA:0,(anonymous_1)
FNDA:0,(anonymous_2)
FNDA:0,(anonymous_3)
FNDA:0,(anonymous_4)
FNDA:0,(anonymous_5)
FNDA:0,(anonymous_6)
FNDA:0,(anonymous_7)
DA:1,3
DA:2,3
DA:5,3
DA:14,3
DA:17,0
DA:21,0
DA:25,0
DA:30,0
DA:34,0
DA:38,0
DA:44,0
DA:48,3
LF:12
LH:5
BRDA:20,0,0,0
BRF:1
BRH:0
end_of_record
TN:
SF:src\config.ts
FNF:0
FNH:0
DA:1,3
DA:4,3
DA:7,3
DA:10,3
DA:11,3
DA:14,3
DA:15,0
DA:19,3
DA:24,3
LF:9
LH:8
BRDA:10,0,0,3
BRDA:10,0,1,3
BRDA:10,1,0,3
BRDA:10,1,1,0
BRDA:11,2,0,3
BRDA:11,2,1,3
BRDA:14,3,0,0
BRDA:14,4,0,3
BRDA:14,4,1,0
BRF:9
BRH:6
end_of_record
TN:
SF:src\formatter.ts
FN:4,(anonymous_0)
FN:23,(anonymous_1)
FN:30,(anonymous_2)
FN:44,(anonymous_3)
FN:57,(anonymous_4)
FN:63,(anonymous_5)
FN:69,(anonymous_6)
FNF:7
FNH:7
FNDA:1,(anonymous_0)
FNDA:1,(anonymous_1)
FNDA:2,(anonymous_2)
FNDA:1,(anonymous_3)
FNDA:2,(anonymous_4)
FNDA:1,(anonymous_5)
FNDA:1,(anonymous_6)
DA:4,3
DA:5,1
DA:7,1
DA:23,3
DA:24,1
DA:25,0
DA:28,1
DA:30,1
DA:31,2
DA:32,2
DA:33,2
DA:34,2
DA:35,2
DA:38,1
DA:44,3
DA:45,1
DA:47,1
DA:57,3
DA:58,2
DA:59,2
DA:60,2
DA:63,3
DA:64,1
DA:65,1
DA:66,1
DA:69,3
DA:70,1
DA:78,1
LF:28
LH:27
BRDA:5,0,0,0
BRDA:10,1,0,1
BRDA:10,1,1,0
BRDA:13,2,0,1
BRDA:13,2,1,0
BRDA:15,3,0,1
BRDA:15,3,1,0
BRDA:16,4,0,1
BRDA:16,4,1,0
BRDA:24,5,0,0
BRDA:24,6,0,1
BRDA:24,6,1,1
BRDA:33,7,0,1
BRDA:34,8,0,2
BRDA:35,9,0,2
BRDA:35,9,1,0
BRDA:45,10,0,0
BRDA:52,11,0,1
BRDA:52,11,1,0
BRDA:58,12,0,0
BRDA:64,13,0,0
BRDA:78,14,0,1
BRDA:78,14,1,0
BRF:23
BRH:11
end_of_record
TN:
SF:src\handlers\availabilityHandlers.ts
FN:8,registerAvailabilityHandlers
FN:10,(anonymous_1)
FNF:2
FNH:2
FNDA:6,registerAvailabilityHandlers
FNDA:6,(anonymous_1)
DA:2,1
DA:3,1
DA:8,1
DA:10,6
DA:11,6
DA:12,6
DA:13,6
DA:14,1
DA:21,5
DA:22,5
DA:23,5
DA:26,5
DA:27,1
DA:30,4
DA:31,1
DA:35,3
DA:36,1
DA:40,2
DA:43,1
DA:45,1
DA:46,1
DA:51,1
LF:22
LH:22
BRDA:13,0,0,1
BRDA:26,1,0,1
BRDA:26,2,0,5
BRDA:26,2,1,5
BRDA:30,3,0,1
BRDA:30,4,0,4
BRDA:30,4,1,4
BRDA:35,5,0,1
BRF:8
BRH:8
end_of_record
TN:
SF:src\handlers\bookingHandlers.ts
FN:8,registerBookingHandlers
FN:10,(anonymous_1)
FNF:2
FNH:2
FNDA:4,registerBookingHandlers
FNDA:4,(anonymous_1)
DA:2,1
DA:3,1
DA:8,1
DA:10,4
DA:11,4
DA:12,4
DA:13,4
DA:14,1
DA:17,3
DA:18,3
DA:20,1
DA:22,2
DA:24,2
DA:25,1
DA:28,1
DA:36,1
LF:16
LH:16
BRDA:13,0,0,1
BRDA:24,1,0,1
BRF:2
BRH:2
end_of_record
TN:
SF:src\handlers\syncHandlers.ts
FN:8,registerSyncHandlers
FN:10,(anonymous_1)
FN:30,(anonymous_2)
FNF:3
FNH:3
FNDA:3,registerSyncHandlers
FNDA:2,(anonymous_1)
FNDA:1,(anonymous_2)
DA:2,1
DA:3,1
DA:8,1
DA:10,3
DA:11,2
DA:13,2
DA:16,2
DA:18,1
DA:19,1
DA:21,0
DA:24,1
DA:25,1
DA:30,3
DA:31,1
DA:33,1
DA:34,1
DA:36,0
DA:37,0
DA:42,1
LF:19
LH:16
BRDA:18,0,0,1
BRDA:18,0,1,0
BRDA:18,1,0,1
BRDA:18,1,1,0
BRF:4
BRH:2
end_of_record
