TN:
SF:src\api.ts
FN:16,(anonymous_1)
FN:20,(anonymous_2)
FN:24,(anonymous_3)
FN:29,(anonymous_4)
FN:33,(anonymous_5)
FN:37,(anonymous_6)
FN:43,(anonymous_7)
FNF:7
FNH:0
FNDA:0,(anonymous_1)
FNDA:0,(anonymous_2)
FNDA:0,(anonymous_3)
FNDA:0,(anonymous_4)
FNDA:0,(anonymous_5)
FNDA:0,(anonymous_6)
FNDA:0,(anonymous_7)
DA:1,2
DA:2,2
DA:5,2
DA:14,2
DA:17,0
DA:21,0
DA:25,0
DA:30,0
DA:34,0
DA:38,0
DA:44,0
DA:48,2
LF:12
LH:5
BRDA:20,0,0,0
BRF:1
BRH:0
end_of_record
TN:
SF:src\config.ts
FNF:0
FNH:0
DA:1,2
DA:4,2
DA:7,2
DA:10,2
DA:11,2
DA:14,2
DA:15,0
DA:19,2
DA:24,2
LF:9
LH:8
BRDA:10,0,0,2
BRDA:10,0,1,2
BRDA:10,1,0,2
BRDA:10,1,1,0
BRDA:11,2,0,2
BRDA:11,2,1,2
BRDA:14,3,0,0
BRDA:14,4,0,2
BRDA:14,4,1,0
BRF:9
BRH:6
end_of_record
TN:
SF:src\formatter.ts
FN:4,(anonymous_0)
FN:23,(anonymous_1)
FN:30,(anonymous_2)
FN:44,(anonymous_3)
FN:57,(anonymous_4)
FN:63,(anonymous_5)
FN:69,(anonymous_6)
FNF:7
FNH:0
FNDA:0,(anonymous_0)
FNDA:0,(anonymous_1)
FNDA:0,(anonymous_2)
FNDA:0,(anonymous_3)
FNDA:0,(anonymous_4)
FNDA:0,(anonymous_5)
FNDA:0,(anonymous_6)
DA:4,2
DA:5,0
DA:7,0
DA:23,2
DA:24,0
DA:25,0
DA:28,0
DA:30,0
DA:31,0
DA:32,0
DA:33,0
DA:34,0
DA:35,0
DA:38,0
DA:44,2
DA:45,0
DA:47,0
DA:57,2
DA:58,0
DA:59,0
DA:60,0
DA:63,2
DA:64,0
DA:65,0
DA:66,0
DA:69,2
DA:70,0
DA:78,0
LF:28
LH:6
BRDA:5,0,0,0
BRDA:10,1,0,0
BRDA:10,1,1,0
BRDA:13,2,0,0
BRDA:13,2,1,0
BRDA:15,3,0,0
BRDA:15,3,1,0
BRDA:16,4,0,0
BRDA:16,4,1,0
BRDA:24,5,0,0
BRDA:24,6,0,0
BRDA:24,6,1,0
BRDA:33,7,0,0
BRDA:34,8,0,0
BRDA:35,9,0,0
BRDA:35,9,1,0
BRDA:45,10,0,0
BRDA:52,11,0,0
BRDA:52,11,1,0
BRDA:58,12,0,0
BRDA:64,13,0,0
BRDA:78,14,0,0
BRDA:78,14,1,0
BRF:23
BRH:0
end_of_record
TN:
SF:src\handlers\availabilityHandlers.ts
FN:8,registerAvailabilityHandlers
FN:10,(anonymous_1)
FNF:2
FNH:1
FNDA:6,registerAvailabilityHandlers
FNDA:0,(anonymous_1)
DA:2,1
DA:3,1
DA:8,1
DA:10,6
DA:11,0
DA:12,0
DA:13,0
DA:14,0
DA:21,0
DA:22,0
DA:23,0
DA:26,0
DA:27,0
DA:30,0
DA:31,0
DA:35,0
DA:36,0
DA:40,0
DA:43,0
DA:45,0
DA:46,0
DA:51,1
LF:22
LH:5
BRDA:13,0,0,0
BRDA:26,1,0,0
BRDA:26,2,0,0
BRDA:26,2,1,0
BRDA:30,3,0,0
BRDA:30,4,0,0
BRDA:30,4,1,0
BRDA:35,5,0,0
BRF:8
BRH:0
end_of_record
TN:
SF:src\handlers\bookingHandlers.ts
FN:8,registerBookingHandlers
FN:10,(anonymous_1)
FNF:2
FNH:1
FNDA:4,registerBookingHandlers
FNDA:0,(anonymous_1)
DA:2,1
DA:3,1
DA:8,1
DA:10,4
DA:11,0
DA:12,0
DA:13,0
DA:14,0
DA:17,0
DA:18,0
DA:20,0
DA:22,0
DA:24,0
DA:25,0
DA:28,0
DA:36,1
LF:16
LH:5
BRDA:13,0,0,0
BRDA:24,1,0,0
BRF:2
BRH:0
end_of_record
